  raudio.c
C:\Users\Ghul\Desktop\Drone Simulation\3D-Drone-Simulation\raylib-master\src\external\jar_xm.h(130,53): warning C4244: "=": Konvertierung von "float" in "short", möglicher Datenverlust
C:\Users\Ghul\Desktop\Drone Simulation\3D-Drone-Simulation\raylib-master\src\external\jar_xm.h(143,53): warning C4244: "=": Konvertierung von "float" in "char", möglicher Datenverlust
C:\Users\Ghul\Desktop\Drone Simulation\3D-Drone-Simulation\raylib-master\src\external\jar_xm.h(242,1): warning C4005: "DEBUG": Makro-Neudefinition
C:\Users\Ghul\Desktop\Drone Simulation\3D-Drone-Simulation\raylib-master\src\external\jar_xm.h(242,1): message : „DEBUG“ wurde zuvor in der Befehlszeile deklariert
C:\Users\Ghul\Desktop\Drone Simulation\3D-Drone-Simulation\raylib-master\src\external\jar_xm.h(1238,47): warning C4244: "=": Konvertierung von "uint16_t" in "uint8_t", möglicher Datenverlust
C:\Users\Ghul\Desktop\Drone Simulation\3D-Drone-Simulation\raylib-master\src\external\jar_xm.h(1254,28): warning C4244: "Initialisierung": Konvertierung von "float" in "unsigned int", möglicher Datenverlust
C:\Users\Ghul\Desktop\Drone Simulation\3D-Drone-Simulation\raylib-master\src\external\jar_xm.h(1256,33): warning C4244: "Initialisierung": Konvertierung von "float" in "int8_t", möglicher Datenverlust
C:\Users\Ghul\Desktop\Drone Simulation\3D-Drone-Simulation\raylib-master\src\external\jar_xm.h(1417,43): warning C4244: "=": Konvertierung von "uint32_t" in "float", möglicher Datenverlust
C:\Users\Ghul\Desktop\Drone Simulation\3D-Drone-Simulation\raylib-master\src\external\jar_xm.h(1424,53): warning C4244: "=": Konvertierung von "uint32_t" in "float", möglicher Datenverlust
C:\Users\Ghul\Desktop\Drone Simulation\3D-Drone-Simulation\raylib-master\src\external\jar_xm.h(1426,43): warning C4244: "=": Konvertierung von "uint32_t" in "float", möglicher Datenverlust
C:\Users\Ghul\Desktop\Drone Simulation\3D-Drone-Simulation\raylib-master\src\external\jar_xm.h(1437,43): warning C4244: "=": Konvertierung von "uint32_t" in "float", möglicher Datenverlust
C:\Users\Ghul\Desktop\Drone Simulation\3D-Drone-Simulation\raylib-master\src\external\jar_xm.h(1464,41): warning C4244: "Funktion": Konvertierung von "int" in "float", möglicher Datenverlust
C:\Users\Ghul\Desktop\Drone Simulation\3D-Drone-Simulation\raylib-master\src\external\jar_xm.h(1824,41): warning C4244: "Funktion": Konvertierung von "int" in "float", möglicher Datenverlust
C:\Users\Ghul\Desktop\Drone Simulation\3D-Drone-Simulation\raylib-master\src\external\jar_xm.h(1933,31): warning C4244: "=": Konvertierung von "double" in "float", möglicher Datenverlust
C:\Users\Ghul\Desktop\Drone Simulation\3D-Drone-Simulation\raylib-master\src\external\jar_xm.h(1990,33): warning C4244: "=": Konvertierung von "float" in "uint32_t", möglicher Datenverlust
C:\Users\Ghul\Desktop\Drone Simulation\3D-Drone-Simulation\raylib-master\src\external\jar_xm.h(2029,45): warning C4244: "=": Konvertierung von "uint32_t" in "float", möglicher Datenverlust
C:\Users\Ghul\Desktop\Drone Simulation\3D-Drone-Simulation\raylib-master\src\external\jar_xm.h(2162,21): warning C4244: "+=": Konvertierung von "float" in "uint64_t", möglicher Datenverlust
C:\Users\Ghul\Desktop\Drone Simulation\3D-Drone-Simulation\raylib-master\src\external\jar_xm.h(2322,38): warning C4244: "Initialisierung": Konvertierung von "double" in "int", möglicher Datenverlust
C:\Users\Ghul\Desktop\Drone Simulation\3D-Drone-Simulation\raylib-master\src\raudio.c(1759,45): warning C4244: "Initialisierung": Konvertierung von "drwav_uint64" in "int", möglicher Datenverlust
C:\Users\Ghul\Desktop\Drone Simulation\3D-Drone-Simulation\raylib-master\src\raudio.c(1770,45): warning C4244: "Initialisierung": Konvertierung von "drwav_uint64" in "int", möglicher Datenverlust
C:\Users\Ghul\Desktop\Drone Simulation\3D-Drone-Simulation\raylib-master\src\raudio.c(1810,41): warning C4244: "Initialisierung": Konvertierung von "drmp3_uint64" in "int", möglicher Datenverlust
  rcore.c
  rglfw.c
  rmodels.c
C:\Users\Ghul\Desktop\Drone Simulation\3D-Drone-Simulation\raylib-master\src\external\par_shapes.h(225,56): warning C4305: "Initialisierung": Verkürzung von "double" in "float"
C:\Users\Ghul\Desktop\Drone Simulation\3D-Drone-Simulation\raylib-master\src\external\par_shapes.h(226,60): warning C4305: "Initialisierung": Verkürzung von "double" in "float"
C:\Users\Ghul\Desktop\Drone Simulation\3D-Drone-Simulation\raylib-master\src\external\par_shapes.h(294,18): warning C4244: "Initialisierung": Konvertierung von "double" in "float", möglicher Datenverlust
C:\Users\Ghul\Desktop\Drone Simulation\3D-Drone-Simulation\raylib-master\src\external\par_shapes.h(574,23): warning C4244: "Initialisierung": Konvertierung von "double" in "float", möglicher Datenverlust
C:\Users\Ghul\Desktop\Drone Simulation\3D-Drone-Simulation\raylib-master\src\external\par_shapes.h(575,29): warning C4244: "Initialisierung": Konvertierung von "double" in "float", möglicher Datenverlust
C:\Users\Ghul\Desktop\Drone Simulation\3D-Drone-Simulation\raylib-master\src\external\par_shapes.h(583,23): warning C4244: "Initialisierung": Konvertierung von "double" in "float", möglicher Datenverlust
C:\Users\Ghul\Desktop\Drone Simulation\3D-Drone-Simulation\raylib-master\src\external\par_shapes.h(584,25): warning C4244: "Initialisierung": Konvertierung von "double" in "float", möglicher Datenverlust
C:\Users\Ghul\Desktop\Drone Simulation\3D-Drone-Simulation\raylib-master\src\external\par_shapes.h(608,20): warning C4244: "Funktion": Konvertierung von "double" in "float", möglicher Datenverlust
C:\Users\Ghul\Desktop\Drone Simulation\3D-Drone-Simulation\raylib-master\src\external\par_shapes.h(599,21): warning C4244: "Initialisierung": Konvertierung von "double" in "float", möglicher Datenverlust
C:\Users\Ghul\Desktop\Drone Simulation\3D-Drone-Simulation\raylib-master\src\external\par_shapes.h(600,25): warning C4244: "Initialisierung": Konvertierung von "double" in "float", möglicher Datenverlust
C:\Users\Ghul\Desktop\Drone Simulation\3D-Drone-Simulation\raylib-master\src\external\par_shapes.h(616,29): warning C4244: "Initialisierung": Konvertierung von "double" in "float", möglicher Datenverlust
C:\Users\Ghul\Desktop\Drone Simulation\3D-Drone-Simulation\raylib-master\src\external\par_shapes.h(625,29): warning C4244: "Initialisierung": Konvertierung von "double" in "float", möglicher Datenverlust
C:\Users\Ghul\Desktop\Drone Simulation\3D-Drone-Simulation\raylib-master\src\external\par_shapes.h(635,29): warning C4244: "Initialisierung": Konvertierung von "double" in "float", möglicher Datenverlust
C:\Users\Ghul\Desktop\Drone Simulation\3D-Drone-Simulation\raylib-master\src\external\par_shapes.h(636,27): warning C4244: "Initialisierung": Konvertierung von "double" in "float", möglicher Datenverlust
C:\Users\Ghul\Desktop\Drone Simulation\3D-Drone-Simulation\raylib-master\src\external\par_shapes.h(658,44): warning C4244: "=": Konvertierung von "double" in "float", möglicher Datenverlust
C:\Users\Ghul\Desktop\Drone Simulation\3D-Drone-Simulation\raylib-master\src\external\par_shapes.h(660,44): warning C4244: "=": Konvertierung von "double" in "float", möglicher Datenverlust
C:\Users\Ghul\Desktop\Drone Simulation\3D-Drone-Simulation\raylib-master\src\external\par_shapes.h(661,21): warning C4244: "=": Konvertierung von "double" in "float", möglicher Datenverlust
C:\Users\Ghul\Desktop\Drone Simulation\3D-Drone-Simulation\raylib-master\src\external\par_shapes.h(667,16): warning C4244: "=": Konvertierung von "double" in "float", möglicher Datenverlust
C:\Users\Ghul\Desktop\Drone Simulation\3D-Drone-Simulation\raylib-master\src\external\par_shapes.h(668,16): warning C4244: "=": Konvertierung von "double" in "float", möglicher Datenverlust
C:\Users\Ghul\Desktop\Drone Simulation\3D-Drone-Simulation\raylib-master\src\external\par_shapes.h(669,16): warning C4244: "=": Konvertierung von "double" in "float", möglicher Datenverlust
C:\Users\Ghul\Desktop\Drone Simulation\3D-Drone-Simulation\raylib-master\src\external\par_shapes.h(650,37): warning C4244: "Initialisierung": Konvertierung von "double" in "const float", möglicher Datenverlust
C:\Users\Ghul\Desktop\Drone Simulation\3D-Drone-Simulation\raylib-master\src\external\par_shapes.h(651,31): warning C4244: "Initialisierung": Konvertierung von "double" in "const float", möglicher Datenverlust
C:\Users\Ghul\Desktop\Drone Simulation\3D-Drone-Simulation\raylib-master\src\external\par_shapes.h(652,23): warning C4244: "Initialisierung": Konvertierung von "double" in "const float", möglicher Datenverlust
C:\Users\Ghul\Desktop\Drone Simulation\3D-Drone-Simulation\raylib-master\src\external\par_shapes.h(653,23): warning C4244: "Initialisierung": Konvertierung von "double" in "const float", möglicher Datenverlust
C:\Users\Ghul\Desktop\Drone Simulation\3D-Drone-Simulation\raylib-master\src\external\par_shapes.h(654,23): warning C4244: "Initialisierung": Konvertierung von "double" in "const float", möglicher Datenverlust
C:\Users\Ghul\Desktop\Drone Simulation\3D-Drone-Simulation\raylib-master\src\external\par_shapes.h(655,23): warning C4244: "Initialisierung": Konvertierung von "double" in "const float", möglicher Datenverlust
C:\Users\Ghul\Desktop\Drone Simulation\3D-Drone-Simulation\raylib-master\src\external\par_shapes.h(727,28): warning C4244: "=": Konvertierung von "double" in "float", möglicher Datenverlust
C:\Users\Ghul\Desktop\Drone Simulation\3D-Drone-Simulation\raylib-master\src\external\par_shapes.h(728,28): warning C4244: "=": Konvertierung von "double" in "float", möglicher Datenverlust
C:\Users\Ghul\Desktop\Drone Simulation\3D-Drone-Simulation\raylib-master\src\external\par_shapes.h(752,29): warning C4244: "Funktion": Konvertierung von "double" in "float", möglicher Datenverlust
C:\Users\Ghul\Desktop\Drone Simulation\3D-Drone-Simulation\raylib-master\src\external\par_shapes.h(726,38): warning C4244: "Initialisierung": Konvertierung von "double" in "float", möglicher Datenverlust
C:\Users\Ghul\Desktop\Drone Simulation\3D-Drone-Simulation\raylib-master\src\external\par_shapes.h(835,35): warning C4244: "=": Konvertierung von "int" in "float", möglicher Datenverlust
C:\Users\Ghul\Desktop\Drone Simulation\3D-Drone-Simulation\raylib-master\src\external\par_shapes.h(836,35): warning C4244: "=": Konvertierung von "int" in "float", möglicher Datenverlust
C:\Users\Ghul\Desktop\Drone Simulation\3D-Drone-Simulation\raylib-master\src\external\par_shapes.h(837,35): warning C4244: "=": Konvertierung von "int" in "float", möglicher Datenverlust
C:\Users\Ghul\Desktop\Drone Simulation\3D-Drone-Simulation\raylib-master\src\external\par_shapes.h(883,1): warning C4305: "Initialisierung": Verkürzung von "double" in "float"
C:\Users\Ghul\Desktop\Drone Simulation\3D-Drone-Simulation\raylib-master\src\external\par_shapes.h(931,1): warning C4305: "Initialisierung": Verkürzung von "double" in "float"
C:\Users\Ghul\Desktop\Drone Simulation\3D-Drone-Simulation\raylib-master\src\external\par_shapes.h(1031,1): warning C4305: "Initialisierung": Verkürzung von "double" in "float"
C:\Users\Ghul\Desktop\Drone Simulation\3D-Drone-Simulation\raylib-master\src\external\par_shapes.h(1362,21): warning C4244: "=": Konvertierung von "double" in "float", möglicher Datenverlust
C:\Users\Ghul\Desktop\Drone Simulation\3D-Drone-Simulation\raylib-master\src\external\par_shapes.h(1364,58): warning C4244: "Funktion": Konvertierung von "double" in "float", möglicher Datenverlust
C:\Users\Ghul\Desktop\Drone Simulation\3D-Drone-Simulation\raylib-master\src\external\par_shapes.h(1366,58): warning C4244: "Funktion": Konvertierung von "double" in "float", möglicher Datenverlust
C:\Users\Ghul\Desktop\Drone Simulation\3D-Drone-Simulation\raylib-master\src\external\par_shapes.h(1368,58): warning C4244: "Funktion": Konvertierung von "double" in "float", möglicher Datenverlust
C:\Users\Ghul\Desktop\Drone Simulation\3D-Drone-Simulation\raylib-master\src\external\par_shapes.h(1525,38): warning C4305: "Funktion": Verkürzung von "double" in "float"
C:\Users\Ghul\Desktop\Drone Simulation\3D-Drone-Simulation\raylib-master\src\external\par_shapes.h(1542,20): warning C4244: "*=": Konvertierung von "double" in "float", möglicher Datenverlust
C:\Users\Ghul\Desktop\Drone Simulation\3D-Drone-Simulation\raylib-master\src\external\par_shapes.h(1543,20): warning C4244: "*=": Konvertierung von "double" in "float", möglicher Datenverlust
C:\Users\Ghul\Desktop\Drone Simulation\3D-Drone-Simulation\raylib-master\src\external\par_shapes.h(1544,20): warning C4244: "*=": Konvertierung von "double" in "float", möglicher Datenverlust
C:\Users\Ghul\Desktop\Drone Simulation\3D-Drone-Simulation\raylib-master\src\external\par_shapes.h(1546,39): warning C4244: "=": Konvertierung von "double" in "float", möglicher Datenverlust
C:\Users\Ghul\Desktop\Drone Simulation\3D-Drone-Simulation\raylib-master\src\external\par_shapes.h(1830,33): warning C4244: "Funktion": Konvertierung von "double" in "float", möglicher Datenverlust
C:\Users\Ghul\Desktop\Drone Simulation\3D-Drone-Simulation\raylib-master\src\external\par_shapes.h(1830,49): warning C4244: "Funktion": Konvertierung von "double" in "float", möglicher Datenverlust
C:\Users\Ghul\Desktop\Drone Simulation\3D-Drone-Simulation\raylib-master\src\external\par_shapes.h(1830,65): warning C4244: "Funktion": Konvertierung von "double" in "float", möglicher Datenverlust
C:\Users\Ghul\Desktop\Drone Simulation\3D-Drone-Simulation\raylib-master\src\external\par_shapes.h(1799,30): warning C4244: "Initialisierung": Konvertierung von "int" in "float", möglicher Datenverlust
C:\Users\Ghul\Desktop\Drone Simulation\3D-Drone-Simulation\raylib-master\src\rmodels.c(5137,35): warning C4018: "<": Konflikt zwischen "signed" und "unsigned"
C:\Users\Ghul\Desktop\Drone Simulation\3D-Drone-Simulation\raylib-master\src\rmodels.c(5154,39): warning C4018: "<": Konflikt zwischen "signed" und "unsigned"
C:\Users\Ghul\Desktop\Drone Simulation\3D-Drone-Simulation\raylib-master\src\rmodels.c(5203,60): warning C4244: "=": Konvertierung von "double" in "float", möglicher Datenverlust
C:\Users\Ghul\Desktop\Drone Simulation\3D-Drone-Simulation\raylib-master\src\rmodels.c(5205,60): warning C4244: "=": Konvertierung von "double" in "float", möglicher Datenverlust
C:\Users\Ghul\Desktop\Drone Simulation\3D-Drone-Simulation\raylib-master\src\rmodels.c(5207,60): warning C4244: "=": Konvertierung von "double" in "float", möglicher Datenverlust
C:\Users\Ghul\Desktop\Drone Simulation\3D-Drone-Simulation\raylib-master\src\rmodels.c(5231,55): warning C4018: "<": Konflikt zwischen "signed" und "unsigned"
C:\Users\Ghul\Desktop\Drone Simulation\3D-Drone-Simulation\raylib-master\src\rmodels.c(5251,23): warning C4018: "<": Konflikt zwischen "signed" und "unsigned"
C:\Users\Ghul\Desktop\Drone Simulation\3D-Drone-Simulation\raylib-master\src\rmodels.c(5328,27): warning C4018: "<": Konflikt zwischen "signed" und "unsigned"
C:\Users\Ghul\Desktop\Drone Simulation\3D-Drone-Simulation\raylib-master\src\rmodels.c(5429,27): warning C4018: "<": Konflikt zwischen "signed" und "unsigned"
C:\Users\Ghul\Desktop\Drone Simulation\3D-Drone-Simulation\raylib-master\src\rmodels.c(5448,35): warning C4018: "<": Konflikt zwischen "signed" und "unsigned"
  rshapes.c
C:\Users\Ghul\Desktop\Drone Simulation\3D-Drone-Simulation\raylib-master\src\rshapes.c(109,20): warning C4244: "Funktion": Konvertierung von "int" in "float", möglicher Datenverlust
C:\Users\Ghul\Desktop\Drone Simulation\3D-Drone-Simulation\raylib-master\src\rshapes.c(109,26): warning C4244: "Funktion": Konvertierung von "int" in "float", möglicher Datenverlust
C:\Users\Ghul\Desktop\Drone Simulation\3D-Drone-Simulation\raylib-master\src\rshapes.c(110,25): warning C4244: "Funktion": Konvertierung von "int" in "float", möglicher Datenverlust
C:\Users\Ghul\Desktop\Drone Simulation\3D-Drone-Simulation\raylib-master\src\rshapes.c(110,35): warning C4244: "Funktion": Konvertierung von "int" in "float", möglicher Datenverlust
C:\Users\Ghul\Desktop\Drone Simulation\3D-Drone-Simulation\raylib-master\src\rshapes.c(129,20): warning C4244: "Funktion": Konvertierung von "int" in "float", möglicher Datenverlust
C:\Users\Ghul\Desktop\Drone Simulation\3D-Drone-Simulation\raylib-master\src\rshapes.c(129,31): warning C4244: "Funktion": Konvertierung von "int" in "float", möglicher Datenverlust
C:\Users\Ghul\Desktop\Drone Simulation\3D-Drone-Simulation\raylib-master\src\rshapes.c(130,20): warning C4244: "Funktion": Konvertierung von "int" in "float", möglicher Datenverlust
C:\Users\Ghul\Desktop\Drone Simulation\3D-Drone-Simulation\raylib-master\src\rshapes.c(130,29): warning C4244: "Funktion": Konvertierung von "int" in "float", möglicher Datenverlust
  rtext.c
  rtextures.c
C:\Users\Ghul\Desktop\Drone Simulation\3D-Drone-Simulation\raylib-master\src\external\qoi.h(662,15): warning C4267: "=": Konvertierung von "size_t" nach "int", Datenverlust möglich
  utils.c
  Code wird generiert...
  raylib.vcxproj -> C:\Users\Ghul\Desktop\Drone Simulation\3D-Drone-Simulation\_bin\Debug\raylib.lib
